<?xml version="1.0" encoding="UTF-8"?>
<!-- Generated by org.testng.reporters.JUnitXMLReporter -->
<testsuite hostname="XIPL9394" ignored="1" name="Default test" tests="1" failures="0" timestamp="2021-09-29T18:07:41 IST" time="10.478" errors="0">
  <testcase name="verifytermsandconditionText" time="0.068" classname="TestPage.RS_PracticeLoginPageTest"/>
  <testcase name="Login_PractiePage" time="0.0" classname="TestPage.RS_PracticeLoginPageTest">
    <ignored/>
  </testcase> <!-- Login_PractiePage -->
</testsuite> <!-- Default test -->
