<?xml version="1.0" encoding="UTF-8"?>
<!-- Generated by org.testng.reporters.JUnitXMLReporter -->
<testsuite hostname="XIPL9394" ignored="1" name="Default test" tests="1" failures="0" timestamp="2021-10-02T19:14:26 IST" time="19.825" errors="0">
  <testcase name="Loginto_PractiePage" time="0.338" classname="TestPage.RS_PracticeLoginPageTest"/>
  <testcase name="verifytermsandconditionText" time="0.0" classname="TestPage.RS_PracticeLoginPageTest">
    <ignored/>
  </testcase> <!-- verifytermsandconditionText -->
</testsuite> <!-- Default test -->
