<?xml version="1.0" encoding="UTF-8"?>
<!-- Generated by org.testng.reporters.JUnitXMLReporter -->
<testsuite hostname="XIPL9394" ignored="0" name="Testing Framework" tests="5" failures="0" timestamp="2021-10-02T15:14:14 IST" time="21.28" errors="0">
  <testcase name="@BeforeTest setUp" time="4.858" classname="TestPage.RS_PracticeLoginPageTest">
    <failure type="java.lang.NullPointerException">
      <![CDATA[java.lang.NullPointerException
at TestPage.RS_PracticeLoginPageTest.setUp(RS_PracticeLoginPageTest.java:31)
... Removed 24 stack frames]]>
    </failure>
  </testcase> <!-- @BeforeTest setUp -->
  <testcase name="@AfterTest tearDownpage" time="-1.633167854397E9" classname="TestPage.RS_PracticeLoginPageTest">
    <skipped/>
  </testcase> <!-- @AfterTest tearDownpage -->
  <testcase name="Loginto_PractiePage" time="0.0" classname="TestPage.RS_PracticeLoginPageTest">
    <skipped/>
  </testcase> <!-- Loginto_PractiePage -->
  <testcase name="verifytermsandconditionText" time="0.0" classname="TestPage.RS_PracticeLoginPageTest">
    <skipped/>
  </testcase> <!-- verifytermsandconditionText -->
  <testcase name="verifyHomePage" time="0.0" classname="TestPage.RS_HomePageTest">
    <skipped/>
  </testcase> <!-- verifyHomePage -->
  <testcase name="clickingonLoginTab" time="0.0" classname="TestPage.RS_HomePageTest">
    <skipped/>
  </testcase> <!-- clickingonLoginTab -->
  <testcase name="verifyPractiseLink1" time="0.0" classname="TestPage.RS_OurProjectPageTest">
    <skipped/>
  </testcase> <!-- verifyPractiseLink1 -->
</testsuite> <!-- Testing Framework -->
