<?xml version="1.0" encoding="UTF-8"?>
<!-- Generated by org.testng.reporters.JUnitXMLReporter -->
<testsuite hostname="XIPL9394" ignored="0" name="Test" tests="7" failures="0" timestamp="2021-09-26T12:16:22 IST" time="90.175" errors="0">
  <testcase name="verifyHomePage" time="7.284" classname="TestPage.RS_HomePageTest"/>
  <testcase name="clickingonLoginTab" time="9.313" classname="TestPage.RS_HomePageTest"/>
  <testcase name="testwith_ValidData" time="2.043" classname="TestPage.TeachingLoginPageTest"/>
  <testcase name="testwith_InvalidData" time="0.778" classname="TestPage.TeachingLoginPageTest"/>
  <testcase name="testwith_InvalidData" time="0.894" classname="TestPage.TeachingLoginPageTest"/>
  <testcase name="testwith_InvalidData" time="0.952" classname="TestPage.TeachingLoginPageTest"/>
  <testcase name="testwith_InvalidData" time="0.731" classname="TestPage.TeachingLoginPageTest"/>
</testsuite> <!-- Test -->
