<?xml version="1.0" encoding="UTF-8"?>
<!-- Generated by org.testng.reporters.JUnitXMLReporter -->
<testsuite hostname="XIPL9394" ignored="0" name="Testing Framework" tests="4" failures="0" timestamp="2021-09-29T18:13:11 IST" time="35.96" errors="0">
  <testcase name="Login_PractiePage" time="0.212" classname="TestPage.RS_PracticeLoginPageTest"/>
  <testcase name="verifytermsandconditionText" time="0.048" classname="TestPage.RS_PracticeLoginPageTest"/>
  <testcase name="verifyHomePage" time="11.127" classname="TestPage.RS_HomePageTest"/>
  <testcase name="clickingonLoginTab" time="3.466" classname="TestPage.RS_HomePageTest"/>
</testsuite> <!-- Testing Framework -->
