<?xml version="1.0" encoding="UTF-8"?>
<!-- Generated by org.testng.reporters.JUnitXMLReporter -->
<testsuite hostname="XIPL9394" ignored="0" name="Testing Framework" tests="5" failures="0" timestamp="2021-10-02T19:22:43 IST" time="36.113" errors="0">
  <testcase name="Loginto_PractiePage" time="0.48" classname="TestPage.RS_PracticeLoginPageTest"/>
  <testcase name="verifytermsandconditionText" time="0.072" classname="TestPage.RS_PracticeLoginPageTest"/>
  <testcase name="verifyHomePage" time="7.741" classname="TestPage.RS_HomePageTest"/>
  <testcase name="clickingonLoginTab" time="3.232" classname="TestPage.RS_HomePageTest"/>
  <testcase name="verifyPractiseLink1" time="3.717" classname="TestPage.RS_ProjectPageTest"/>
</testsuite> <!-- Testing Framework -->
