<?xml version="1.0" encoding="UTF-8"?>
<testsuite xmlns:xsi="http://www.w3.org/2001/XMLSchema-instance" xsi:noNamespaceSchemaLocation="https://maven.apache.org/surefire/maven-surefire-plugin/xsd/surefire-test-report-3.0.xsd" version="3.0" name="TestSuite" time="22.871" tests="9" errors="0" skipped="8" failures="1">
  <properties>
[...]
</properties>
  <testcase name="setUp" classname="TestPage.RS_PracticeLoginPageTest" time="22.696">
    <failure message="element click intercepted: Element &lt;a _ngcontent-mom-c24=&quot;&quot; href=&quot;#/practice-project&quot;&gt;...&lt;/a&gt; is not clickable at point (1018, 122). Other element would receive the click: &lt;div _ngcontent-mom-c24=&quot;&quot; class=&quot;preloader&quot; style=&quot;opacity: 0.99999;&quot;&gt;...&lt;/div&gt;&#10;  (Session info: chrome=94.0.4606.71)&#10;Build info: version: &apos;4.0.0-rc-1&apos;, revision: &apos;bc5511cbda&apos;&#10;System info: host: &apos;XIPL9394&apos;, ip: &apos;192.168.216.191&apos;, os.name: &apos;Windows 10&apos;, os.arch: &apos;amd64&apos;, os.version: &apos;10.0&apos;, java.version: &apos;1.8.0_281&apos;&#10;Driver info: org.openqa.selenium.chrome.ChromeDriver&#10;Command: [a0e713c0b34e2aa46d514ddf50dc80d1, clickElement {id=c387bb94-4364-41d0-b5f1-428defc0f5c9}]&#10;Capabilities {acceptInsecureCerts: false, browserName: chrome, browserVersion: 94.0.4606.71, chrome: {chromedriverVersion: 94.0.4606.61 (418b78f5838ed..., userDataDir: C:\Users\vdhage\AppData\Loc...}, goog:chromeOptions: {debuggerAddress: localhost:61176}, javascriptEnabled: true, networkConnectionEnabled: false, pageLoadStrategy: normal, platform: WINDOWS, platformName: WINDOWS, proxy: Proxy(), se:cdp: ws://localhost:61176/devtoo..., se:cdpVersion: 94.0.4606.71, setWindowRect: true, strictFileInteractability: false, timeouts: {implicit: 0, pageLoad: 300000, script: 30000}, unhandledPromptBehavior: dismiss and notify, webauthn:extension:credBlob: true, webauthn:extension:largeBlob: true, webauthn:virtualAuthenticators: true}&#10;Element: [[ChromeDriver: chrome on WINDOWS (a0e713c0b34e2aa46d514ddf50dc80d1)] -&gt; xpath: (//a[text()=&apos;Practice&apos;])[1]]&#10;Session ID: a0e713c0b34e2aa46d514ddf50dc80d1" type="org.openqa.selenium.ElementClickInterceptedException"><![CDATA[org.openqa.selenium.ElementClickInterceptedException: 
element click intercepted: Element <a _ngcontent-mom-c24="" href="#/practice-project">...</a> is not clickable at point (1018, 122). Other element would receive the click: <div _ngcontent-mom-c24="" class="preloader" style="opacity: 0.99999;">...</div>
  (Session info: chrome=94.0.4606.71)
Build info: version: '4.0.0-rc-1', revision: 'bc5511cbda'
System info: host: 'XIPL9394', ip: '192.168.216.191', os.name: 'Windows 10', os.arch: 'amd64', os.version: '10.0', java.version: '1.8.0_281'
Driver info: org.openqa.selenium.chrome.ChromeDriver
Command: [a0e713c0b34e2aa46d514ddf50dc80d1, clickElement {id=c387bb94-4364-41d0-b5f1-428defc0f5c9}]
Capabilities {acceptInsecureCerts: false, browserName: chrome, browserVersion: 94.0.4606.71, chrome: {chromedriverVersion: 94.0.4606.61 (418b78f5838ed..., userDataDir: C:\Users\vdhage\AppData\Loc...}, goog:chromeOptions: {debuggerAddress: localhost:61176}, javascriptEnabled: true, networkConnectionEnabled: false, pageLoadStrategy: normal, platform: WINDOWS, platformName: WINDOWS, proxy: Proxy(), se:cdp: ws://localhost:61176/devtoo..., se:cdpVersion: 94.0.4606.71, setWindowRect: true, strictFileInteractability: false, timeouts: {implicit: 0, pageLoad: 300000, script: 30000}, unhandledPromptBehavior: dismiss and notify, webauthn:extension:credBlob: true, webauthn:extension:largeBlob: true, webauthn:virtualAuthenticators: true}
Element: [[ChromeDriver: chrome on WINDOWS (a0e713c0b34e2aa46d514ddf50dc80d1)] -> xpath: (//a[text()='Practice'])[1]]
Session ID: a0e713c0b34e2aa46d514ddf50dc80d1
	at TestPage.RS_PracticeLoginPageTest.setUp(RS_PracticeLoginPageTest.java:32)
]]></failure>
    <system-err><![CDATA[SLF4J: Failed to load class "org.slf4j.impl.StaticLoggerBinder".
SLF4J: Defaulting to no-operation (NOP) logger implementation
SLF4J: See http://www.slf4j.org/codes.html#StaticLoggerBinder for further details.
Starting ChromeDriver 94.0.4606.61 (418b78f5838ed0b1c69bb4e51ea0252171854915-refs/branch-heads/4606@{#1204}) on port 24823
Only local connections are allowed.
Please see https://chromedriver.chromium.org/security-considerations for suggestions on keeping ChromeDriver safe.
ChromeDriver was started successfully.
Oct 03, 2021 9:24:23 AM org.openqa.selenium.remote.ProtocolHandshake createSession
INFO: Detected dialect: W3C
Oct 03, 2021 9:24:23 AM org.openqa.selenium.devtools.CdpVersionFinder findNearestMatch
WARNING: Unable to find an exact match for CDP version 94, so returning the closest version found: 93
Oct 03, 2021 9:24:23 AM org.openqa.selenium.devtools.CdpVersionFinder findNearestMatch
INFO: Found CDP implementation for version 94 of 93
Starting ChromeDriver 94.0.4606.61 (418b78f5838ed0b1c69bb4e51ea0252171854915-refs/branch-heads/4606@{#1204}) on port 4433
Only local connections are allowed.
Please see https://chromedriver.chromium.org/security-considerations for suggestions on keeping ChromeDriver safe.
ChromeDriver was started successfully.
Oct 03, 2021 9:24:30 AM org.openqa.selenium.remote.ProtocolHandshake createSession
INFO: Detected dialect: W3C
Oct 03, 2021 9:24:30 AM org.openqa.selenium.devtools.CdpVersionFinder findNearestMatch
WARNING: Unable to find an exact match for CDP version 94, so returning the closest version found: 93
Oct 03, 2021 9:24:30 AM org.openqa.selenium.devtools.CdpVersionFinder findNearestMatch
INFO: Found CDP implementation for version 94 of 93
]]></system-err>
  </testcase>
  <testcase name="Loginto_PractiePage" classname="TestPage.RS_PracticeLoginPageTest" time="0">
    <skipped message="element click intercepted: Element &lt;a _ngcontent-mom-c24=&quot;&quot; href=&quot;#/practice-project&quot;&gt;...&lt;/a&gt; is not clickable at point (1018, 122). Other element would receive the click: &lt;div _ngcontent-mom-c24=&quot;&quot; class=&quot;preloader&quot; style=&quot;opacity: 0.99999;&quot;&gt;...&lt;/div&gt;&#10;  (Session info: chrome=94.0.4606.71)&#10;Build info: version: &apos;4.0.0-rc-1&apos;, revision: &apos;bc5511cbda&apos;&#10;System info: host: &apos;XIPL9394&apos;, ip: &apos;192.168.216.191&apos;, os.name: &apos;Windows 10&apos;, os.arch: &apos;amd64&apos;, os.version: &apos;10.0&apos;, java.version: &apos;1.8.0_281&apos;&#10;Driver info: org.openqa.selenium.chrome.ChromeDriver&#10;Command: [a0e713c0b34e2aa46d514ddf50dc80d1, clickElement {id=c387bb94-4364-41d0-b5f1-428defc0f5c9}]&#10;Capabilities {acceptInsecureCerts: false, browserName: chrome, browserVersion: 94.0.4606.71, chrome: {chromedriverVersion: 94.0.4606.61 (418b78f5838ed..., userDataDir: C:\Users\vdhage\AppData\Loc...}, goog:chromeOptions: {debuggerAddress: localhost:61176}, javascriptEnabled: true, networkConnectionEnabled: false, pageLoadStrategy: normal, platform: WINDOWS, platformName: WINDOWS, proxy: Proxy(), se:cdp: ws://localhost:61176/devtoo..., se:cdpVersion: 94.0.4606.71, setWindowRect: true, strictFileInteractability: false, timeouts: {implicit: 0, pageLoad: 300000, script: 30000}, unhandledPromptBehavior: dismiss and notify, webauthn:extension:credBlob: true, webauthn:extension:largeBlob: true, webauthn:virtualAuthenticators: true}&#10;Element: [[ChromeDriver: chrome on WINDOWS (a0e713c0b34e2aa46d514ddf50dc80d1)] -&gt; xpath: (//a[text()=&apos;Practice&apos;])[1]]&#10;Session ID: a0e713c0b34e2aa46d514ddf50dc80d1"/>
  </testcase>
  <testcase name="verifytermsandconditionText" classname="TestPage.RS_PracticeLoginPageTest" time="0">
    <skipped message="element click intercepted: Element &lt;a _ngcontent-mom-c24=&quot;&quot; href=&quot;#/practice-project&quot;&gt;...&lt;/a&gt; is not clickable at point (1018, 122). Other element would receive the click: &lt;div _ngcontent-mom-c24=&quot;&quot; class=&quot;preloader&quot; style=&quot;opacity: 0.99999;&quot;&gt;...&lt;/div&gt;&#10;  (Session info: chrome=94.0.4606.71)&#10;Build info: version: &apos;4.0.0-rc-1&apos;, revision: &apos;bc5511cbda&apos;&#10;System info: host: &apos;XIPL9394&apos;, ip: &apos;192.168.216.191&apos;, os.name: &apos;Windows 10&apos;, os.arch: &apos;amd64&apos;, os.version: &apos;10.0&apos;, java.version: &apos;1.8.0_281&apos;&#10;Driver info: org.openqa.selenium.chrome.ChromeDriver&#10;Command: [a0e713c0b34e2aa46d514ddf50dc80d1, clickElement {id=c387bb94-4364-41d0-b5f1-428defc0f5c9}]&#10;Capabilities {acceptInsecureCerts: false, browserName: chrome, browserVersion: 94.0.4606.71, chrome: {chromedriverVersion: 94.0.4606.61 (418b78f5838ed..., userDataDir: C:\Users\vdhage\AppData\Loc...}, goog:chromeOptions: {debuggerAddress: localhost:61176}, javascriptEnabled: true, networkConnectionEnabled: false, pageLoadStrategy: normal, platform: WINDOWS, platformName: WINDOWS, proxy: Proxy(), se:cdp: ws://localhost:61176/devtoo..., se:cdpVersion: 94.0.4606.71, setWindowRect: true, strictFileInteractability: false, timeouts: {implicit: 0, pageLoad: 300000, script: 30000}, unhandledPromptBehavior: dismiss and notify, webauthn:extension:credBlob: true, webauthn:extension:largeBlob: true, webauthn:virtualAuthenticators: true}&#10;Element: [[ChromeDriver: chrome on WINDOWS (a0e713c0b34e2aa46d514ddf50dc80d1)] -&gt; xpath: (//a[text()=&apos;Practice&apos;])[1]]&#10;Session ID: a0e713c0b34e2aa46d514ddf50dc80d1"/>
  </testcase>
  <testcase name="tearDownpage" classname="TestPage.RS_PracticeLoginPageTest" time="0">
    <skipped/>
  </testcase>
  <testcase name="setUp" classname="TestPage.RS_ProjectPageTest" time="0">
    <skipped/>
  </testcase>
  <testcase name="verifyPractiseLink1" classname="TestPage.RS_ProjectPageTest" time="0">
    <skipped message="element click intercepted: Element &lt;a _ngcontent-mom-c24=&quot;&quot; href=&quot;#/practice-project&quot;&gt;...&lt;/a&gt; is not clickable at point (1018, 122). Other element would receive the click: &lt;div _ngcontent-mom-c24=&quot;&quot; class=&quot;preloader&quot; style=&quot;opacity: 0.99999;&quot;&gt;...&lt;/div&gt;&#10;  (Session info: chrome=94.0.4606.71)&#10;Build info: version: &apos;4.0.0-rc-1&apos;, revision: &apos;bc5511cbda&apos;&#10;System info: host: &apos;XIPL9394&apos;, ip: &apos;192.168.216.191&apos;, os.name: &apos;Windows 10&apos;, os.arch: &apos;amd64&apos;, os.version: &apos;10.0&apos;, java.version: &apos;1.8.0_281&apos;&#10;Driver info: org.openqa.selenium.chrome.ChromeDriver&#10;Command: [a0e713c0b34e2aa46d514ddf50dc80d1, clickElement {id=c387bb94-4364-41d0-b5f1-428defc0f5c9}]&#10;Capabilities {acceptInsecureCerts: false, browserName: chrome, browserVersion: 94.0.4606.71, chrome: {chromedriverVersion: 94.0.4606.61 (418b78f5838ed..., userDataDir: C:\Users\vdhage\AppData\Loc...}, goog:chromeOptions: {debuggerAddress: localhost:61176}, javascriptEnabled: true, networkConnectionEnabled: false, pageLoadStrategy: normal, platform: WINDOWS, platformName: WINDOWS, proxy: Proxy(), se:cdp: ws://localhost:61176/devtoo..., se:cdpVersion: 94.0.4606.71, setWindowRect: true, strictFileInteractability: false, timeouts: {implicit: 0, pageLoad: 300000, script: 30000}, unhandledPromptBehavior: dismiss and notify, webauthn:extension:credBlob: true, webauthn:extension:largeBlob: true, webauthn:virtualAuthenticators: true}&#10;Element: [[ChromeDriver: chrome on WINDOWS (a0e713c0b34e2aa46d514ddf50dc80d1)] -&gt; xpath: (//a[text()=&apos;Practice&apos;])[1]]&#10;Session ID: a0e713c0b34e2aa46d514ddf50dc80d1"/>
  </testcase>
  <testcase name="verifyHomePage" classname="TestPage.RS_HomePageTest" time="0">
    <skipped message="element click intercepted: Element &lt;a _ngcontent-mom-c24=&quot;&quot; href=&quot;#/practice-project&quot;&gt;...&lt;/a&gt; is not clickable at point (1018, 122). Other element would receive the click: &lt;div _ngcontent-mom-c24=&quot;&quot; class=&quot;preloader&quot; style=&quot;opacity: 0.99999;&quot;&gt;...&lt;/div&gt;&#10;  (Session info: chrome=94.0.4606.71)&#10;Build info: version: &apos;4.0.0-rc-1&apos;, revision: &apos;bc5511cbda&apos;&#10;System info: host: &apos;XIPL9394&apos;, ip: &apos;192.168.216.191&apos;, os.name: &apos;Windows 10&apos;, os.arch: &apos;amd64&apos;, os.version: &apos;10.0&apos;, java.version: &apos;1.8.0_281&apos;&#10;Driver info: org.openqa.selenium.chrome.ChromeDriver&#10;Command: [a0e713c0b34e2aa46d514ddf50dc80d1, clickElement {id=c387bb94-4364-41d0-b5f1-428defc0f5c9}]&#10;Capabilities {acceptInsecureCerts: false, browserName: chrome, browserVersion: 94.0.4606.71, chrome: {chromedriverVersion: 94.0.4606.61 (418b78f5838ed..., userDataDir: C:\Users\vdhage\AppData\Loc...}, goog:chromeOptions: {debuggerAddress: localhost:61176}, javascriptEnabled: true, networkConnectionEnabled: false, pageLoadStrategy: normal, platform: WINDOWS, platformName: WINDOWS, proxy: Proxy(), se:cdp: ws://localhost:61176/devtoo..., se:cdpVersion: 94.0.4606.71, setWindowRect: true, strictFileInteractability: false, timeouts: {implicit: 0, pageLoad: 300000, script: 30000}, unhandledPromptBehavior: dismiss and notify, webauthn:extension:credBlob: true, webauthn:extension:largeBlob: true, webauthn:virtualAuthenticators: true}&#10;Element: [[ChromeDriver: chrome on WINDOWS (a0e713c0b34e2aa46d514ddf50dc80d1)] -&gt; xpath: (//a[text()=&apos;Practice&apos;])[1]]&#10;Session ID: a0e713c0b34e2aa46d514ddf50dc80d1"/>
  </testcase>
  <testcase name="clickingonLoginTab" classname="TestPage.RS_HomePageTest" time="0">
    <skipped message="element click intercepted: Element &lt;a _ngcontent-mom-c24=&quot;&quot; href=&quot;#/practice-project&quot;&gt;...&lt;/a&gt; is not clickable at point (1018, 122). Other element would receive the click: &lt;div _ngcontent-mom-c24=&quot;&quot; class=&quot;preloader&quot; style=&quot;opacity: 0.99999;&quot;&gt;...&lt;/div&gt;&#10;  (Session info: chrome=94.0.4606.71)&#10;Build info: version: &apos;4.0.0-rc-1&apos;, revision: &apos;bc5511cbda&apos;&#10;System info: host: &apos;XIPL9394&apos;, ip: &apos;192.168.216.191&apos;, os.name: &apos;Windows 10&apos;, os.arch: &apos;amd64&apos;, os.version: &apos;10.0&apos;, java.version: &apos;1.8.0_281&apos;&#10;Driver info: org.openqa.selenium.chrome.ChromeDriver&#10;Command: [a0e713c0b34e2aa46d514ddf50dc80d1, clickElement {id=c387bb94-4364-41d0-b5f1-428defc0f5c9}]&#10;Capabilities {acceptInsecureCerts: false, browserName: chrome, browserVersion: 94.0.4606.71, chrome: {chromedriverVersion: 94.0.4606.61 (418b78f5838ed..., userDataDir: C:\Users\vdhage\AppData\Loc...}, goog:chromeOptions: {debuggerAddress: localhost:61176}, javascriptEnabled: true, networkConnectionEnabled: false, pageLoadStrategy: normal, platform: WINDOWS, platformName: WINDOWS, proxy: Proxy(), se:cdp: ws://localhost:61176/devtoo..., se:cdpVersion: 94.0.4606.71, setWindowRect: true, strictFileInteractability: false, timeouts: {implicit: 0, pageLoad: 300000, script: 30000}, unhandledPromptBehavior: dismiss and notify, webauthn:extension:credBlob: true, webauthn:extension:largeBlob: true, webauthn:virtualAuthenticators: true}&#10;Element: [[ChromeDriver: chrome on WINDOWS (a0e713c0b34e2aa46d514ddf50dc80d1)] -&gt; xpath: (//a[text()=&apos;Practice&apos;])[1]]&#10;Session ID: a0e713c0b34e2aa46d514ddf50dc80d1"/>
  </testcase>
  <testcase name="tearDownpage" classname="TestPage.RS_HomePageTest" time="0">
    <skipped/>
  </testcase>
</testsuite>